[2025-12-22 18:30:16,768] [INFO] UserApplication - Creating user (username=string, email=user@example.com)
[2025-12-22 18:30:16,768] [INFO] UserApplication - User created successfully (id=None, username=string)
[2025-12-30 12:58:47,500] [INFO] UserApplication - Creating user (username=admin, email=admin@admin.com)
[2025-12-30 12:58:47,501] [INFO] UserApplication - User created successfully (id=None, username=admin)
[2025-12-30 12:59:00,858] [INFO] UserApplication - Fetching user by username=admin
[2025-12-30 12:59:00,860] [INFO] UserApplication - User found (username=admin)
[2025-12-30 12:59:00,911] [INFO] RefreshTokenApplication - Creating refresh token for user_id=1, expires_at=2026-01-06 15:59:00.911106+00:00
[2025-12-30 12:59:00,911] [INFO] RefreshTokenApplication - Refresh token created successfully (id=None, user_id=1)
[2025-12-30 12:59:16,235] [INFO] ScrapApplication - Scraping process started
[2025-12-30 12:59:16,235] [INFO] ScrapApplication - Checking if scraping can start
[2025-12-30 12:59:16,241] [INFO] ScrapApplication - Scraping job created (id=1, status=RUNNING)
[2025-12-30 12:59:16,244] [INFO] ScrapApplication - Scraping job persisted with status RUNNING
[2025-12-30 12:59:17,261] [INFO] ScrapApplication - 50 categories found
[2025-12-30 12:59:17,261] [INFO] ScrapApplication - Processing category 1/50: Travel
[2025-12-30 12:59:18,163] [INFO] ScrapApplication - 11 books found in category 'Travel'
[2025-12-30 12:59:18,169] [INFO] ScrapApplication - Processing category 2/50: Mystery
[2025-12-30 12:59:20,016] [INFO] ScrapApplication - 32 books found in category 'Mystery'
[2025-12-30 12:59:20,025] [INFO] ScrapApplication - Processing category 3/50: Historical Fiction
[2025-12-30 12:59:21,729] [INFO] ScrapApplication - 26 books found in category 'Historical Fiction'
[2025-12-30 12:59:21,737] [INFO] ScrapApplication - Processing category 4/50: Sequential Art
[2025-12-30 12:59:25,507] [INFO] ScrapApplication - 75 books found in category 'Sequential Art'
[2025-12-30 12:59:25,529] [INFO] ScrapApplication - Processing category 5/50: Classics
[2025-12-30 12:59:26,440] [INFO] ScrapApplication - 19 books found in category 'Classics'
[2025-12-30 12:59:26,446] [INFO] ScrapApplication - Processing category 6/50: Philosophy
[2025-12-30 12:59:27,250] [INFO] ScrapApplication - 11 books found in category 'Philosophy'
[2025-12-30 12:59:27,253] [INFO] ScrapApplication - Processing category 7/50: Romance
[2025-12-30 12:59:29,130] [INFO] ScrapApplication - 35 books found in category 'Romance'
[2025-12-30 12:59:29,141] [INFO] ScrapApplication - Processing category 8/50: Womens Fiction
[2025-12-30 12:59:30,056] [INFO] ScrapApplication - 17 books found in category 'Womens Fiction'
[2025-12-30 12:59:30,062] [INFO] ScrapApplication - Processing category 9/50: Fiction
[2025-12-30 12:59:33,700] [INFO] ScrapApplication - 65 books found in category 'Fiction'
[2025-12-30 12:59:33,719] [INFO] ScrapApplication - Processing category 10/50: Childrens
[2025-12-30 12:59:35,484] [INFO] ScrapApplication - 29 books found in category 'Childrens'
[2025-12-30 12:59:35,493] [INFO] ScrapApplication - Processing category 11/50: Religion
[2025-12-30 12:59:36,280] [INFO] ScrapApplication - 7 books found in category 'Religion'
[2025-12-30 12:59:36,284] [INFO] ScrapApplication - Processing category 12/50: Nonfiction
[2025-12-30 12:59:41,738] [INFO] ScrapApplication - 110 books found in category 'Nonfiction'
[2025-12-30 12:59:41,769] [INFO] ScrapApplication - Processing category 13/50: Music
[2025-12-30 12:59:42,711] [INFO] ScrapApplication - 13 books found in category 'Music'
[2025-12-30 12:59:42,716] [INFO] ScrapApplication - Processing category 14/50: Default
[2025-12-30 12:59:50,233] [INFO] ScrapApplication - 152 books found in category 'Default'
[2025-12-30 12:59:50,274] [INFO] ScrapApplication - Processing category 15/50: Science Fiction
[2025-12-30 12:59:51,203] [INFO] ScrapApplication - 16 books found in category 'Science Fiction'
[2025-12-30 12:59:51,208] [INFO] ScrapApplication - Processing category 16/50: Sports and Games
[2025-12-30 12:59:52,003] [INFO] ScrapApplication - 5 books found in category 'Sports and Games'
[2025-12-30 12:59:52,006] [INFO] ScrapApplication - Processing category 17/50: Add a comment
[2025-12-30 12:59:55,646] [INFO] ScrapApplication - 67 books found in category 'Add a comment'
[2025-12-30 12:59:55,667] [INFO] ScrapApplication - Processing category 18/50: Fantasy
[2025-12-30 12:59:58,372] [INFO] ScrapApplication - 48 books found in category 'Fantasy'
[2025-12-30 12:59:58,386] [INFO] ScrapApplication - Processing category 19/50: New Adult
[2025-12-30 12:59:59,198] [INFO] ScrapApplication - 6 books found in category 'New Adult'
[2025-12-30 12:59:59,200] [INFO] ScrapApplication - Processing category 20/50: Young Adult
[2025-12-30 13:00:02,014] [INFO] ScrapApplication - 54 books found in category 'Young Adult'
[2025-12-30 13:00:02,030] [INFO] ScrapApplication - Processing category 21/50: Science
[2025-12-30 13:00:02,966] [INFO] ScrapApplication - 14 books found in category 'Science'
[2025-12-30 13:00:02,971] [INFO] ScrapApplication - Processing category 22/50: Poetry
[2025-12-30 13:00:03,920] [INFO] ScrapApplication - 19 books found in category 'Poetry'
[2025-12-30 13:00:03,926] [INFO] ScrapApplication - Processing category 23/50: Paranormal
[2025-12-30 13:00:04,684] [INFO] ScrapApplication - 1 books found in category 'Paranormal'
[2025-12-30 13:00:04,685] [INFO] ScrapApplication - Processing category 24/50: Art
[2025-12-30 13:00:05,445] [INFO] ScrapApplication - 8 books found in category 'Art'
[2025-12-30 13:00:05,448] [INFO] ScrapApplication - Processing category 25/50: Psychology
[2025-12-30 13:00:06,247] [INFO] ScrapApplication - 7 books found in category 'Psychology'
[2025-12-30 13:00:06,250] [INFO] ScrapApplication - Processing category 26/50: Autobiography
[2025-12-30 13:00:07,014] [INFO] ScrapApplication - 9 books found in category 'Autobiography'
[2025-12-30 13:00:07,018] [INFO] ScrapApplication - Processing category 27/50: Parenting
[2025-12-30 13:00:07,774] [INFO] ScrapApplication - 1 books found in category 'Parenting'
[2025-12-30 13:00:07,775] [INFO] ScrapApplication - Processing category 28/50: Adult Fiction
[2025-12-30 13:00:08,539] [INFO] ScrapApplication - 1 books found in category 'Adult Fiction'
[2025-12-30 13:00:08,540] [INFO] ScrapApplication - Processing category 29/50: Humor
[2025-12-30 13:00:09,323] [INFO] ScrapApplication - 10 books found in category 'Humor'
[2025-12-30 13:00:09,327] [INFO] ScrapApplication - Processing category 30/50: Horror
[2025-12-30 13:00:10,238] [INFO] ScrapApplication - 17 books found in category 'Horror'
[2025-12-30 13:00:10,243] [INFO] ScrapApplication - Processing category 31/50: History
[2025-12-30 13:00:11,150] [INFO] ScrapApplication - 18 books found in category 'History'
[2025-12-30 13:00:11,155] [INFO] ScrapApplication - Processing category 32/50: Food and Drink
[2025-12-30 13:00:12,875] [INFO] ScrapApplication - 30 books found in category 'Food and Drink'
[2025-12-30 13:00:12,884] [INFO] ScrapApplication - Processing category 33/50: Christian Fiction
[2025-12-30 13:00:13,643] [INFO] ScrapApplication - 6 books found in category 'Christian Fiction'
[2025-12-30 13:00:13,646] [INFO] ScrapApplication - Processing category 34/50: Business
[2025-12-30 13:00:14,590] [INFO] ScrapApplication - 12 books found in category 'Business'
[2025-12-30 13:00:14,594] [INFO] ScrapApplication - Processing category 35/50: Biography
[2025-12-30 13:00:15,365] [INFO] ScrapApplication - 5 books found in category 'Biography'
[2025-12-30 13:00:15,367] [INFO] ScrapApplication - Processing category 36/50: Thriller
[2025-12-30 13:00:16,146] [INFO] ScrapApplication - 11 books found in category 'Thriller'
[2025-12-30 13:00:16,150] [INFO] ScrapApplication - Processing category 37/50: Contemporary
[2025-12-30 13:00:16,910] [INFO] ScrapApplication - 3 books found in category 'Contemporary'
[2025-12-30 13:00:16,912] [INFO] ScrapApplication - Processing category 38/50: Spirituality
[2025-12-30 13:00:17,685] [INFO] ScrapApplication - 6 books found in category 'Spirituality'
[2025-12-30 13:00:17,688] [INFO] ScrapApplication - Processing category 39/50: Academic
[2025-12-30 13:00:18,442] [INFO] ScrapApplication - 1 books found in category 'Academic'
[2025-12-30 13:00:18,443] [INFO] ScrapApplication - Processing category 40/50: Self Help
[2025-12-30 13:00:19,200] [INFO] ScrapApplication - 5 books found in category 'Self Help'
[2025-12-30 13:00:19,202] [INFO] ScrapApplication - Processing category 41/50: Historical
[2025-12-30 13:00:19,996] [INFO] ScrapApplication - 2 books found in category 'Historical'
[2025-12-30 13:00:19,998] [INFO] ScrapApplication - Processing category 42/50: Christian
[2025-12-30 13:00:20,783] [INFO] ScrapApplication - 3 books found in category 'Christian'
[2025-12-30 13:00:20,785] [INFO] ScrapApplication - Processing category 43/50: Suspense
[2025-12-30 13:00:21,549] [INFO] ScrapApplication - 1 books found in category 'Suspense'
[2025-12-30 13:00:21,550] [INFO] ScrapApplication - Processing category 44/50: Short Stories
[2025-12-30 13:00:22,309] [INFO] ScrapApplication - 1 books found in category 'Short Stories'
[2025-12-30 13:00:22,310] [INFO] ScrapApplication - Processing category 45/50: Novels
[2025-12-30 13:00:23,068] [INFO] ScrapApplication - 1 books found in category 'Novels'
[2025-12-30 13:00:23,069] [INFO] ScrapApplication - Processing category 46/50: Health
[2025-12-30 13:00:23,830] [INFO] ScrapApplication - 4 books found in category 'Health'
[2025-12-30 13:00:23,832] [INFO] ScrapApplication - Processing category 47/50: Politics
[2025-12-30 13:00:24,605] [INFO] ScrapApplication - 3 books found in category 'Politics'
[2025-12-30 13:00:24,607] [INFO] ScrapApplication - Processing category 48/50: Cultural
[2025-12-30 13:00:25,366] [INFO] ScrapApplication - 1 books found in category 'Cultural'
[2025-12-30 13:00:25,367] [INFO] ScrapApplication - Processing category 49/50: Erotica
[2025-12-30 13:00:26,159] [INFO] ScrapApplication - 1 books found in category 'Erotica'
[2025-12-30 13:00:26,160] [INFO] ScrapApplication - Processing category 50/50: Crime
[2025-12-30 13:00:26,912] [INFO] ScrapApplication - 1 books found in category 'Crime'
[2025-12-30 13:00:26,913] [INFO] ScrapApplication - Scraping finished successfully (job_id=1)
[2025-12-30 13:01:52,072] [INFO] ScrapApplication - Fetching scraping status
[2025-12-30 13:01:52,073] [INFO] ScrapApplication - Last scraping status: finished
[2025-12-30 13:02:11,149] [INFO] BookApplication - Listing books (page=1, page_size=10)
[2025-12-30 13:02:11,155] [INFO] BookApplication - Books listed successfully
